Vivado Simulator 2018.3
Copyright 1986-1999, 2001-2018 Xilinx, Inc. All Rights Reserved.
Running: C:/Xilinx/Vivado/2018.3/bin/unwrapped/win64.o/xelab.exe -wto b973bdfc3b2d4380aa585890be5c254c --incr --debug typical --relax --mt 2 -L xil_defaultlib -L secureip --snapshot tb_ping_pong_behav xil_defaultlib.tb_ping_pong -log elaborate.log 
Using 2 slave threads.
Starting static elaboration
Completed static elaboration
Starting simulation data flow analysis
Completed simulation data flow analysis
Time Resolution for simulation is 1ps
Compiling package std.standard
Compiling package std.textio
Compiling package ieee.std_logic_1164
Compiling package ieee.std_logic_arith
Compiling package ieee.std_logic_unsigned
Compiling package ieee.numeric_std
Compiling architecture behavioral of entity xil_defaultlib.div_clock [\div_clock(count=10)\]
Compiling architecture behavioral of entity xil_defaultlib.div_clock [\div_clock(count=40)\]
Compiling architecture behavioral of entity xil_defaultlib.ping_pong [ping_pong_default]
Compiling architecture behavioral of entity xil_defaultlib.tb_ping_pong
Built simulation snapshot tb_ping_pong_behav
